[01-Sep-2015 18:02:19 Europe/Dublin] PHP Notice:  Undefined index: favorite_beverage in /srv/webspace/ayokunle/projects/KCD/admin/lookup.php on line 28
[01-Sep-2015 18:03:25 Europe/Dublin] PHP Notice:  Undefined index: favorite_beverage in /srv/webspace/ayokunle/projects/KCD/admin/lookup.php on line 28
[01-Sep-2015 18:04:43 Europe/Dublin] PHP Notice:  Undefined index: favorite_beverage in /srv/webspace/ayokunle/projects/KCD/admin/lookup.php on line 28
[01-Sep-2015 18:05:18 Europe/Dublin] PHP Notice:  Undefined index: favorite_beverage in /srv/webspace/ayokunle/projects/KCD/admin/lookup.php on line 28
[01-Sep-2015 18:05:57 Europe/Dublin] PHP Notice:  Undefined index: favorite_beverage in /srv/webspace/ayokunle/projects/KCD/admin/lookup.php on line 29
[01-Sep-2015 18:07:00 Europe/Dublin] PHP Notice:  Undefined index: favorite_beverage in /srv/webspace/ayokunle/projects/KCD/admin/lookup.php on line 29
[01-Sep-2015 18:07:43 Europe/Dublin] PHP Notice:  Undefined index: favorite_beverage in /srv/webspace/ayokunle/projects/KCD/admin/lookup.php on line 29
[01-Sep-2015 18:09:01 Europe/Dublin] PHP Notice:  Undefined index: favorite_beverage in /srv/webspace/ayokunle/projects/KCD/admin/lookup.php on line 29
[01-Sep-2015 18:09:47 Europe/Dublin] PHP Notice:  Undefined index: favorite_beverage in /srv/webspace/ayokunle/projects/KCD/admin/lookup.php on line 29
[01-Sep-2015 18:20:28 Europe/Dublin] PHP Notice:  Undefined index: favorite_beverage in /srv/webspace/ayokunle/projects/KCD/admin/lookup.php on line 29
[01-Sep-2015 18:20:31 Europe/Dublin] PHP Notice:  Undefined index: favorite_beverage in /srv/webspace/ayokunle/projects/KCD/admin/lookup.php on line 29
[01-Sep-2015 18:20:38 Europe/Dublin] PHP Notice:  Undefined index: favorite_beverage in /srv/webspace/ayokunle/projects/KCD/admin/lookup.php on line 29
[01-Sep-2015 18:20:39 Europe/Dublin] PHP Notice:  Undefined index: favorite_beverage in /srv/webspace/ayokunle/projects/KCD/admin/lookup.php on line 29
[01-Sep-2015 18:20:40 Europe/Dublin] PHP Notice:  Undefined index: favorite_beverage in /srv/webspace/ayokunle/projects/KCD/admin/lookup.php on line 29
[01-Sep-2015 18:20:49 Europe/Dublin] PHP Notice:  Undefined index: favorite_beverage in /srv/webspace/ayokunle/projects/KCD/admin/lookup.php on line 29
[01-Sep-2015 18:20:51 Europe/Dublin] PHP Notice:  Undefined index: favorite_beverage in /srv/webspace/ayokunle/projects/KCD/admin/lookup.php on line 29
[01-Sep-2015 18:21:05 Europe/Dublin] PHP Notice:  Undefined index: favorite_beverage in /srv/webspace/ayokunle/projects/KCD/admin/lookup.php on line 29
[01-Sep-2015 18:21:05 Europe/Dublin] PHP Notice:  Undefined index: favorite_beverage in /srv/webspace/ayokunle/projects/KCD/admin/lookup.php on line 29
[01-Sep-2015 18:21:07 Europe/Dublin] PHP Notice:  Undefined index: favorite_beverage in /srv/webspace/ayokunle/projects/KCD/admin/lookup.php on line 29
[01-Sep-2015 18:21:24 Europe/Dublin] PHP Notice:  Undefined index: favorite_beverage in /srv/webspace/ayokunle/projects/KCD/admin/lookup.php on line 29
[01-Sep-2015 18:21:26 Europe/Dublin] PHP Notice:  Undefined index: favorite_beverage in /srv/webspace/ayokunle/projects/KCD/admin/lookup.php on line 29
[01-Sep-2015 18:21:27 Europe/Dublin] PHP Notice:  Undefined index: favorite_beverage in /srv/webspace/ayokunle/projects/KCD/admin/lookup.php on line 29
[01-Sep-2015 18:21:31 Europe/Dublin] PHP Notice:  Undefined index: favorite_beverage in /srv/webspace/ayokunle/projects/KCD/admin/lookup.php on line 29
[01-Sep-2015 18:24:40 Europe/Dublin] PHP Notice:  Undefined index: favorite_beverage in /srv/webspace/ayokunle/projects/KCD/admin/lookup.php on line 29
[01-Sep-2015 18:24:57 Europe/Dublin] PHP Notice:  Undefined index: favorite_beverage in /srv/webspace/ayokunle/projects/KCD/admin/lookup.php on line 29
[01-Sep-2015 18:25:06 Europe/Dublin] PHP Notice:  Undefined index: favorite_beverage in /srv/webspace/ayokunle/projects/KCD/admin/lookup.php on line 29
[01-Sep-2015 18:37:12 Europe/Dublin] PHP Notice:  Undefined index: favorite_beverage in /srv/webspace/ayokunle/projects/KCD/admin/lookup.php on line 29
[01-Sep-2015 18:37:15 Europe/Dublin] PHP Notice:  Undefined index: favorite_beverage in /srv/webspace/ayokunle/projects/KCD/admin/lookup.php on line 29
[01-Sep-2015 18:37:15 Europe/Dublin] PHP Notice:  Undefined index: favorite_beverage in /srv/webspace/ayokunle/projects/KCD/admin/lookup.php on line 29
[01-Sep-2015 18:42:25 Europe/Dublin] PHP Notice:  Undefined index: favorite_beverage in /srv/webspace/ayokunle/projects/KCD/admin/lookup.php on line 29
[02-Sep-2015 00:39:56 Europe/Dublin] PHP Notice:  Undefined index: id in /srv/webspace/ayokunle/projects/KCD/admin/update.php on line 43
[02-Sep-2015 00:39:56 Europe/Dublin] PHP Notice:  Undefined index: wed_anni_month in /srv/webspace/ayokunle/projects/KCD/admin/update.php on line 52
[02-Sep-2015 00:39:56 Europe/Dublin] PHP Deprecated:  mysql_connect(): The mysql extension is deprecated and will be removed in the future: use mysqli or PDO instead in /srv/webspace/ayokunle/projects/KCD/admin/update.php on line 62
[02-Sep-2015 00:39:56 Europe/Dublin] PHP Notice:  Undefined index: id in /srv/webspace/ayokunle/projects/KCD/admin/update.php on line 72
[02-Sep-2015 00:39:56 Europe/Dublin] PHP Notice:  Undefined index: wed_anni_month in /srv/webspace/ayokunle/projects/KCD/admin/update.php on line 81
[02-Sep-2015 00:41:39 Europe/Dublin] PHP Notice:  Undefined index: id in /srv/webspace/ayokunle/projects/KCD/admin/update.php on line 43
[02-Sep-2015 00:41:39 Europe/Dublin] PHP Notice:  Undefined index: wed_anni_month in /srv/webspace/ayokunle/projects/KCD/admin/update.php on line 52
[02-Sep-2015 00:41:39 Europe/Dublin] PHP Deprecated:  mysql_connect(): The mysql extension is deprecated and will be removed in the future: use mysqli or PDO instead in /srv/webspace/ayokunle/projects/KCD/admin/update.php on line 62
[02-Sep-2015 00:41:39 Europe/Dublin] PHP Notice:  Undefined index: id in /srv/webspace/ayokunle/projects/KCD/admin/update.php on line 72
[02-Sep-2015 00:41:39 Europe/Dublin] PHP Notice:  Undefined index: wed_anni_month in /srv/webspace/ayokunle/projects/KCD/admin/update.php on line 81
[02-Sep-2015 00:45:52 Europe/Dublin] PHP Notice:  Undefined index: wed_anni_month in /srv/webspace/ayokunle/projects/KCD/admin/update.php on line 52
[02-Sep-2015 00:45:52 Europe/Dublin] PHP Deprecated:  mysql_connect(): The mysql extension is deprecated and will be removed in the future: use mysqli or PDO instead in /srv/webspace/ayokunle/projects/KCD/admin/update.php on line 62
[02-Sep-2015 00:45:52 Europe/Dublin] PHP Notice:  Undefined index: wed_anni_month in /srv/webspace/ayokunle/projects/KCD/admin/update.php on line 81
[02-Sep-2015 00:47:15 Europe/Dublin] PHP Notice:  Undefined index: wed_anni_month in /srv/webspace/ayokunle/projects/KCD/admin/update.php on line 52
[02-Sep-2015 00:47:15 Europe/Dublin] PHP Deprecated:  mysql_connect(): The mysql extension is deprecated and will be removed in the future: use mysqli or PDO instead in /srv/webspace/ayokunle/projects/KCD/admin/update.php on line 62
[02-Sep-2015 00:47:15 Europe/Dublin] PHP Notice:  Undefined index: wed_anni_month in /srv/webspace/ayokunle/projects/KCD/admin/update.php on line 81
[02-Sep-2015 00:49:38 Europe/Dublin] PHP Notice:  Undefined index: wed_anni_month in /srv/webspace/ayokunle/projects/KCD/admin/update.php on line 52
[02-Sep-2015 00:49:38 Europe/Dublin] PHP Deprecated:  mysql_connect(): The mysql extension is deprecated and will be removed in the future: use mysqli or PDO instead in /srv/webspace/ayokunle/projects/KCD/admin/update.php on line 62
[02-Sep-2015 00:49:38 Europe/Dublin] PHP Notice:  Undefined index: wed_anni_month in /srv/webspace/ayokunle/projects/KCD/admin/update.php on line 81
[02-Sep-2015 00:51:38 Europe/Dublin] PHP Notice:  Undefined index: wed_anni_month in /srv/webspace/ayokunle/projects/KCD/admin/update.php on line 52
[02-Sep-2015 00:51:38 Europe/Dublin] PHP Deprecated:  mysql_connect(): The mysql extension is deprecated and will be removed in the future: use mysqli or PDO instead in /srv/webspace/ayokunle/projects/KCD/admin/update.php on line 62
[02-Sep-2015 00:51:38 Europe/Dublin] PHP Notice:  Undefined index: wed_anni_month in /srv/webspace/ayokunle/projects/KCD/admin/update.php on line 81
[02-Sep-2015 00:52:10 Europe/Dublin] PHP Notice:  Undefined index: wed_anni_month in /srv/webspace/ayokunle/projects/KCD/admin/update.php on line 52
[02-Sep-2015 00:52:10 Europe/Dublin] PHP Deprecated:  mysql_connect(): The mysql extension is deprecated and will be removed in the future: use mysqli or PDO instead in /srv/webspace/ayokunle/projects/KCD/admin/update.php on line 62
[02-Sep-2015 00:52:10 Europe/Dublin] PHP Notice:  Undefined index: wed_anni_month in /srv/webspace/ayokunle/projects/KCD/admin/update.php on line 81
[02-Sep-2015 17:35:51 Europe/Dublin] PHP Notice:  Undefined index: wed_anni_month in /srv/webspace/ayokunle/projects/KCD/admin/update.php on line 52
[02-Sep-2015 17:35:51 Europe/Dublin] PHP Deprecated:  mysql_connect(): The mysql extension is deprecated and will be removed in the future: use mysqli or PDO instead in /srv/webspace/ayokunle/projects/KCD/admin/update.php on line 62
[02-Sep-2015 17:35:51 Europe/Dublin] PHP Notice:  Undefined index: wed_anni_month in /srv/webspace/ayokunle/projects/KCD/admin/update.php on line 81
[02-Sep-2015 18:04:25 Europe/Dublin] PHP Notice:  Undefined index: wed_anni_month in /srv/webspace/ayokunle/projects/KCD/admin/update.php on line 52
[02-Sep-2015 18:04:25 Europe/Dublin] PHP Deprecated:  mysql_connect(): The mysql extension is deprecated and will be removed in the future: use mysqli or PDO instead in /srv/webspace/ayokunle/projects/KCD/admin/update.php on line 62
[02-Sep-2015 18:04:25 Europe/Dublin] PHP Notice:  Undefined index: wed_anni_month in /srv/webspace/ayokunle/projects/KCD/admin/update.php on line 81
[02-Sep-2015 18:19:54 Europe/Dublin] PHP Notice:  Undefined index: wed_anni_month in /srv/webspace/ayokunle/projects/KCD/admin/update.php on line 52
[02-Sep-2015 18:19:54 Europe/Dublin] PHP Deprecated:  mysql_connect(): The mysql extension is deprecated and will be removed in the future: use mysqli or PDO instead in /srv/webspace/ayokunle/projects/KCD/admin/update.php on line 62
[02-Sep-2015 18:19:54 Europe/Dublin] PHP Notice:  Undefined index: wed_anni_month in /srv/webspace/ayokunle/projects/KCD/admin/update.php on line 81
[02-Sep-2015 18:20:21 Europe/Dublin] PHP Notice:  Undefined index: wed_anni_month in /srv/webspace/ayokunle/projects/KCD/admin/update.php on line 52
[02-Sep-2015 18:20:21 Europe/Dublin] PHP Deprecated:  mysql_connect(): The mysql extension is deprecated and will be removed in the future: use mysqli or PDO instead in /srv/webspace/ayokunle/projects/KCD/admin/update.php on line 62
[02-Sep-2015 18:20:21 Europe/Dublin] PHP Notice:  Undefined index: wed_anni_month in /srv/webspace/ayokunle/projects/KCD/admin/update.php on line 81
[02-Sep-2015 18:22:12 Europe/Dublin] PHP Notice:  Undefined index: wed_anni_month in /srv/webspace/ayokunle/projects/KCD/admin/update.php on line 52
[02-Sep-2015 18:22:12 Europe/Dublin] PHP Deprecated:  mysql_connect(): The mysql extension is deprecated and will be removed in the future: use mysqli or PDO instead in /srv/webspace/ayokunle/projects/KCD/admin/update.php on line 62
[02-Sep-2015 18:22:12 Europe/Dublin] PHP Notice:  Undefined index: wed_anni_month in /srv/webspace/ayokunle/projects/KCD/admin/update.php on line 81
[02-Sep-2015 18:27:16 Europe/Dublin] PHP Notice:  Undefined index: wed_anni_month in /srv/webspace/ayokunle/projects/KCD/admin/update.php on line 52
[02-Sep-2015 18:27:16 Europe/Dublin] PHP Deprecated:  mysql_connect(): The mysql extension is deprecated and will be removed in the future: use mysqli or PDO instead in /srv/webspace/ayokunle/projects/KCD/admin/update.php on line 62
[02-Sep-2015 18:27:16 Europe/Dublin] PHP Notice:  Undefined index: wed_anni_month in /srv/webspace/ayokunle/projects/KCD/admin/update.php on line 81
[02-Sep-2015 18:29:34 Europe/Dublin] PHP Notice:  Undefined index: wed_anni_month in /srv/webspace/ayokunle/projects/KCD/admin/update.php on line 52
[02-Sep-2015 18:29:34 Europe/Dublin] PHP Deprecated:  mysql_connect(): The mysql extension is deprecated and will be removed in the future: use mysqli or PDO instead in /srv/webspace/ayokunle/projects/KCD/admin/update.php on line 62
[02-Sep-2015 18:29:34 Europe/Dublin] PHP Notice:  Undefined index: wed_anni_month in /srv/webspace/ayokunle/projects/KCD/admin/update.php on line 81
[02-Sep-2015 18:29:55 Europe/Dublin] PHP Notice:  Undefined index: wed_anni_month in /srv/webspace/ayokunle/projects/KCD/admin/update.php on line 52
[02-Sep-2015 18:29:55 Europe/Dublin] PHP Deprecated:  mysql_connect(): The mysql extension is deprecated and will be removed in the future: use mysqli or PDO instead in /srv/webspace/ayokunle/projects/KCD/admin/update.php on line 62
[02-Sep-2015 18:29:55 Europe/Dublin] PHP Notice:  Undefined index: wed_anni_month in /srv/webspace/ayokunle/projects/KCD/admin/update.php on line 81
[02-Sep-2015 18:31:44 Europe/Dublin] PHP Notice:  Undefined index: wed_anni_month in /srv/webspace/ayokunle/projects/KCD/admin/update.php on line 52
[02-Sep-2015 18:31:44 Europe/Dublin] PHP Deprecated:  mysql_connect(): The mysql extension is deprecated and will be removed in the future: use mysqli or PDO instead in /srv/webspace/ayokunle/projects/KCD/admin/update.php on line 62
[02-Sep-2015 18:31:44 Europe/Dublin] PHP Notice:  Undefined index: wed_anni_month in /srv/webspace/ayokunle/projects/KCD/admin/update.php on line 81
[02-Sep-2015 18:32:49 Europe/Dublin] PHP Notice:  Undefined index: wed_anni_month in /srv/webspace/ayokunle/projects/KCD/admin/update.php on line 52
[02-Sep-2015 18:32:49 Europe/Dublin] PHP Deprecated:  mysql_connect(): The mysql extension is deprecated and will be removed in the future: use mysqli or PDO instead in /srv/webspace/ayokunle/projects/KCD/admin/update.php on line 62
[02-Sep-2015 18:32:49 Europe/Dublin] PHP Notice:  Undefined index: wed_anni_month in /srv/webspace/ayokunle/projects/KCD/admin/update.php on line 81
[02-Sep-2015 18:34:00 Europe/Dublin] PHP Notice:  Undefined index: wed_anni_day in /srv/webspace/ayokunle/projects/KCD/admin/update.php on line 51
[02-Sep-2015 18:34:00 Europe/Dublin] PHP Notice:  Undefined index: wed_anni_month in /srv/webspace/ayokunle/projects/KCD/admin/update.php on line 52
[02-Sep-2015 18:34:00 Europe/Dublin] PHP Deprecated:  mysql_connect(): The mysql extension is deprecated and will be removed in the future: use mysqli or PDO instead in /srv/webspace/ayokunle/projects/KCD/admin/update.php on line 62
[02-Sep-2015 18:34:00 Europe/Dublin] PHP Notice:  Undefined index: wed_anni_day in /srv/webspace/ayokunle/projects/KCD/admin/update.php on line 80
[02-Sep-2015 18:34:00 Europe/Dublin] PHP Notice:  Undefined index: wed_anni_month in /srv/webspace/ayokunle/projects/KCD/admin/update.php on line 81
[02-Sep-2015 18:35:25 Europe/Dublin] PHP Notice:  Undefined index: wed_anni_day in /srv/webspace/ayokunle/projects/KCD/admin/update.php on line 51
[02-Sep-2015 18:35:25 Europe/Dublin] PHP Notice:  Undefined index: wed_anni_month in /srv/webspace/ayokunle/projects/KCD/admin/update.php on line 52
[02-Sep-2015 18:35:25 Europe/Dublin] PHP Deprecated:  mysql_connect(): The mysql extension is deprecated and will be removed in the future: use mysqli or PDO instead in /srv/webspace/ayokunle/projects/KCD/admin/update.php on line 62
[02-Sep-2015 18:35:25 Europe/Dublin] PHP Notice:  Undefined index: wed_anni_day in /srv/webspace/ayokunle/projects/KCD/admin/update.php on line 80
[02-Sep-2015 18:35:25 Europe/Dublin] PHP Notice:  Undefined index: wed_anni_month in /srv/webspace/ayokunle/projects/KCD/admin/update.php on line 81
[02-Sep-2015 18:37:55 Europe/Dublin] PHP Notice:  Undefined index: wed_anni_day in /srv/webspace/ayokunle/projects/KCD/admin/update.php on line 51
[02-Sep-2015 18:37:55 Europe/Dublin] PHP Notice:  Undefined index: wed_anni_month in /srv/webspace/ayokunle/projects/KCD/admin/update.php on line 52
[02-Sep-2015 18:37:55 Europe/Dublin] PHP Deprecated:  mysql_connect(): The mysql extension is deprecated and will be removed in the future: use mysqli or PDO instead in /srv/webspace/ayokunle/projects/KCD/admin/update.php on line 62
[02-Sep-2015 18:37:55 Europe/Dublin] PHP Notice:  Undefined index: wed_anni_day in /srv/webspace/ayokunle/projects/KCD/admin/update.php on line 80
[02-Sep-2015 18:37:55 Europe/Dublin] PHP Notice:  Undefined index: wed_anni_month in /srv/webspace/ayokunle/projects/KCD/admin/update.php on line 81
[02-Sep-2015 18:38:31 Europe/Dublin] PHP Notice:  Undefined index: wed_anni_day in /srv/webspace/ayokunle/projects/KCD/admin/update.php on line 51
[02-Sep-2015 18:38:31 Europe/Dublin] PHP Notice:  Undefined index: wed_anni_month in /srv/webspace/ayokunle/projects/KCD/admin/update.php on line 52
[02-Sep-2015 18:38:31 Europe/Dublin] PHP Deprecated:  mysql_connect(): The mysql extension is deprecated and will be removed in the future: use mysqli or PDO instead in /srv/webspace/ayokunle/projects/KCD/admin/update.php on line 62
[02-Sep-2015 18:38:31 Europe/Dublin] PHP Notice:  Undefined index: wed_anni_day in /srv/webspace/ayokunle/projects/KCD/admin/update.php on line 80
[02-Sep-2015 18:38:31 Europe/Dublin] PHP Notice:  Undefined index: wed_anni_month in /srv/webspace/ayokunle/projects/KCD/admin/update.php on line 81
[02-Sep-2015 18:40:35 Europe/Dublin] PHP Notice:  Undefined index: wed_anni_day in /srv/webspace/ayokunle/projects/KCD/admin/update.php on line 51
[02-Sep-2015 18:40:35 Europe/Dublin] PHP Notice:  Undefined index: wed_anni_month in /srv/webspace/ayokunle/projects/KCD/admin/update.php on line 52
[02-Sep-2015 18:40:35 Europe/Dublin] PHP Deprecated:  mysql_connect(): The mysql extension is deprecated and will be removed in the future: use mysqli or PDO instead in /srv/webspace/ayokunle/projects/KCD/admin/update.php on line 62
[02-Sep-2015 18:40:35 Europe/Dublin] PHP Notice:  Undefined index: wed_anni_day in /srv/webspace/ayokunle/projects/KCD/admin/update.php on line 80
[02-Sep-2015 18:40:35 Europe/Dublin] PHP Notice:  Undefined index: wed_anni_month in /srv/webspace/ayokunle/projects/KCD/admin/update.php on line 81
[02-Sep-2015 18:40:48 Europe/Dublin] PHP Notice:  Undefined index: wed_anni_day in /srv/webspace/ayokunle/projects/KCD/admin/update.php on line 51
[02-Sep-2015 18:40:48 Europe/Dublin] PHP Notice:  Undefined index: wed_anni_month in /srv/webspace/ayokunle/projects/KCD/admin/update.php on line 52
[02-Sep-2015 18:40:48 Europe/Dublin] PHP Deprecated:  mysql_connect(): The mysql extension is deprecated and will be removed in the future: use mysqli or PDO instead in /srv/webspace/ayokunle/projects/KCD/admin/update.php on line 62
[02-Sep-2015 18:40:48 Europe/Dublin] PHP Notice:  Undefined index: wed_anni_day in /srv/webspace/ayokunle/projects/KCD/admin/update.php on line 80
[02-Sep-2015 18:40:48 Europe/Dublin] PHP Notice:  Undefined index: wed_anni_month in /srv/webspace/ayokunle/projects/KCD/admin/update.php on line 81
[02-Sep-2015 18:45:04 Europe/Dublin] PHP Notice:  Undefined index: wed_anni_day in /srv/webspace/ayokunle/projects/KCD/admin/update.php on line 51
[02-Sep-2015 18:45:04 Europe/Dublin] PHP Notice:  Undefined index: wed_anni_month in /srv/webspace/ayokunle/projects/KCD/admin/update.php on line 52
[02-Sep-2015 18:45:04 Europe/Dublin] PHP Deprecated:  mysql_connect(): The mysql extension is deprecated and will be removed in the future: use mysqli or PDO instead in /srv/webspace/ayokunle/projects/KCD/admin/update.php on line 62
[02-Sep-2015 18:45:04 Europe/Dublin] PHP Notice:  Undefined index: wed_anni_day in /srv/webspace/ayokunle/projects/KCD/admin/update.php on line 80
[02-Sep-2015 18:45:04 Europe/Dublin] PHP Notice:  Undefined index: wed_anni_month in /srv/webspace/ayokunle/projects/KCD/admin/update.php on line 81
[02-Sep-2015 19:02:54 Europe/Dublin] PHP Notice:  Undefined index: wed_anni_day in /srv/webspace/ayokunle/projects/KCD/admin/update.php on line 51
[02-Sep-2015 19:02:54 Europe/Dublin] PHP Notice:  Undefined index: wed_anni_month in /srv/webspace/ayokunle/projects/KCD/admin/update.php on line 52
[02-Sep-2015 19:02:54 Europe/Dublin] PHP Deprecated:  mysql_connect(): The mysql extension is deprecated and will be removed in the future: use mysqli or PDO instead in /srv/webspace/ayokunle/projects/KCD/admin/update.php on line 62
[02-Sep-2015 19:02:54 Europe/Dublin] PHP Notice:  Undefined index: wed_anni_day in /srv/webspace/ayokunle/projects/KCD/admin/update.php on line 80
[02-Sep-2015 19:02:54 Europe/Dublin] PHP Notice:  Undefined index: wed_anni_month in /srv/webspace/ayokunle/projects/KCD/admin/update.php on line 81
[02-Sep-2015 19:03:24 Europe/Dublin] PHP Notice:  Undefined index: wed_anni_day in /srv/webspace/ayokunle/projects/KCD/admin/update.php on line 51
[02-Sep-2015 19:03:24 Europe/Dublin] PHP Notice:  Undefined index: wed_anni_month in /srv/webspace/ayokunle/projects/KCD/admin/update.php on line 52
[02-Sep-2015 19:03:24 Europe/Dublin] PHP Deprecated:  mysql_connect(): The mysql extension is deprecated and will be removed in the future: use mysqli or PDO instead in /srv/webspace/ayokunle/projects/KCD/admin/update.php on line 62
[02-Sep-2015 19:03:24 Europe/Dublin] PHP Notice:  Undefined index: wed_anni_day in /srv/webspace/ayokunle/projects/KCD/admin/update.php on line 80
[02-Sep-2015 19:03:24 Europe/Dublin] PHP Notice:  Undefined index: wed_anni_month in /srv/webspace/ayokunle/projects/KCD/admin/update.php on line 81
[02-Sep-2015 19:13:45 Europe/Dublin] PHP Notice:  Undefined index: wed_anni_day in /srv/webspace/ayokunle/projects/KCD/admin/update.php on line 51
[02-Sep-2015 19:13:45 Europe/Dublin] PHP Notice:  Undefined index: wed_anni_month in /srv/webspace/ayokunle/projects/KCD/admin/update.php on line 52
[02-Sep-2015 19:13:45 Europe/Dublin] PHP Deprecated:  mysql_connect(): The mysql extension is deprecated and will be removed in the future: use mysqli or PDO instead in /srv/webspace/ayokunle/projects/KCD/admin/update.php on line 62
[02-Sep-2015 19:13:45 Europe/Dublin] PHP Notice:  Undefined index: wed_anni_day in /srv/webspace/ayokunle/projects/KCD/admin/update.php on line 80
[02-Sep-2015 19:13:45 Europe/Dublin] PHP Notice:  Undefined index: wed_anni_month in /srv/webspace/ayokunle/projects/KCD/admin/update.php on line 81
[02-Sep-2015 19:14:00 Europe/Dublin] PHP Notice:  Undefined index: wed_anni_day in /srv/webspace/ayokunle/projects/KCD/admin/update.php on line 51
[02-Sep-2015 19:14:00 Europe/Dublin] PHP Notice:  Undefined index: wed_anni_month in /srv/webspace/ayokunle/projects/KCD/admin/update.php on line 52
[02-Sep-2015 19:14:00 Europe/Dublin] PHP Deprecated:  mysql_connect(): The mysql extension is deprecated and will be removed in the future: use mysqli or PDO instead in /srv/webspace/ayokunle/projects/KCD/admin/update.php on line 62
[02-Sep-2015 19:14:00 Europe/Dublin] PHP Notice:  Undefined index: wed_anni_day in /srv/webspace/ayokunle/projects/KCD/admin/update.php on line 80
[02-Sep-2015 19:14:00 Europe/Dublin] PHP Notice:  Undefined index: wed_anni_month in /srv/webspace/ayokunle/projects/KCD/admin/update.php on line 81
[02-Sep-2015 19:14:02 Europe/Dublin] PHP Notice:  Undefined index: wed_anni_day in /srv/webspace/ayokunle/projects/KCD/admin/update.php on line 51
[02-Sep-2015 19:14:02 Europe/Dublin] PHP Notice:  Undefined index: wed_anni_month in /srv/webspace/ayokunle/projects/KCD/admin/update.php on line 52
[02-Sep-2015 19:14:02 Europe/Dublin] PHP Deprecated:  mysql_connect(): The mysql extension is deprecated and will be removed in the future: use mysqli or PDO instead in /srv/webspace/ayokunle/projects/KCD/admin/update.php on line 62
[02-Sep-2015 19:14:02 Europe/Dublin] PHP Notice:  Undefined index: wed_anni_day in /srv/webspace/ayokunle/projects/KCD/admin/update.php on line 80
[02-Sep-2015 19:14:02 Europe/Dublin] PHP Notice:  Undefined index: wed_anni_month in /srv/webspace/ayokunle/projects/KCD/admin/update.php on line 81
[02-Sep-2015 19:14:03 Europe/Dublin] PHP Notice:  Undefined index: wed_anni_day in /srv/webspace/ayokunle/projects/KCD/admin/update.php on line 51
[02-Sep-2015 19:14:03 Europe/Dublin] PHP Notice:  Undefined index: wed_anni_month in /srv/webspace/ayokunle/projects/KCD/admin/update.php on line 52
[02-Sep-2015 19:14:03 Europe/Dublin] PHP Deprecated:  mysql_connect(): The mysql extension is deprecated and will be removed in the future: use mysqli or PDO instead in /srv/webspace/ayokunle/projects/KCD/admin/update.php on line 62
[02-Sep-2015 19:14:03 Europe/Dublin] PHP Notice:  Undefined index: wed_anni_day in /srv/webspace/ayokunle/projects/KCD/admin/update.php on line 80
[02-Sep-2015 19:14:03 Europe/Dublin] PHP Notice:  Undefined index: wed_anni_month in /srv/webspace/ayokunle/projects/KCD/admin/update.php on line 81
[02-Sep-2015 21:04:05 Europe/Dublin] PHP Notice:  Undefined index: wed_anni_day in /srv/webspace/ayokunle/projects/KCD/admin/update.php on line 51
[02-Sep-2015 21:04:05 Europe/Dublin] PHP Notice:  Undefined index: wed_anni_month in /srv/webspace/ayokunle/projects/KCD/admin/update.php on line 52
[02-Sep-2015 21:04:05 Europe/Dublin] PHP Deprecated:  mysql_connect(): The mysql extension is deprecated and will be removed in the future: use mysqli or PDO instead in /srv/webspace/ayokunle/projects/KCD/admin/update.php on line 62
[02-Sep-2015 21:04:05 Europe/Dublin] PHP Notice:  Undefined index: wed_anni_day in /srv/webspace/ayokunle/projects/KCD/admin/update.php on line 80
[02-Sep-2015 21:04:05 Europe/Dublin] PHP Notice:  Undefined index: wed_anni_month in /srv/webspace/ayokunle/projects/KCD/admin/update.php on line 81
[02-Sep-2015 21:22:26 Europe/Dublin] PHP Notice:  Undefined index: wed_anni_month in /srv/webspace/ayokunle/projects/KCD/admin/update.php on line 52
[02-Sep-2015 21:22:26 Europe/Dublin] PHP Deprecated:  mysql_connect(): The mysql extension is deprecated and will be removed in the future: use mysqli or PDO instead in /srv/webspace/ayokunle/projects/KCD/admin/update.php on line 62
[02-Sep-2015 21:22:26 Europe/Dublin] PHP Notice:  Undefined index: wed_anni_month in /srv/webspace/ayokunle/projects/KCD/admin/update.php on line 81
[02-Sep-2015 21:24:00 Europe/Dublin] PHP Notice:  Undefined index: wed_anni_day in /srv/webspace/ayokunle/projects/KCD/admin/update.php on line 51
[02-Sep-2015 21:24:00 Europe/Dublin] PHP Notice:  Undefined index: wed_anni_month in /srv/webspace/ayokunle/projects/KCD/admin/update.php on line 52
[02-Sep-2015 21:24:00 Europe/Dublin] PHP Deprecated:  mysql_connect(): The mysql extension is deprecated and will be removed in the future: use mysqli or PDO instead in /srv/webspace/ayokunle/projects/KCD/admin/update.php on line 62
[02-Sep-2015 21:24:00 Europe/Dublin] PHP Notice:  Undefined index: wed_anni_day in /srv/webspace/ayokunle/projects/KCD/admin/update.php on line 80
[02-Sep-2015 21:24:00 Europe/Dublin] PHP Notice:  Undefined index: wed_anni_month in /srv/webspace/ayokunle/projects/KCD/admin/update.php on line 81
[02-Sep-2015 21:24:33 Europe/Dublin] PHP Notice:  Undefined index: wed_anni_day in /srv/webspace/ayokunle/projects/KCD/admin/update.php on line 51
[02-Sep-2015 21:24:33 Europe/Dublin] PHP Notice:  Undefined index: wed_anni_month in /srv/webspace/ayokunle/projects/KCD/admin/update.php on line 52
[02-Sep-2015 21:24:33 Europe/Dublin] PHP Deprecated:  mysql_connect(): The mysql extension is deprecated and will be removed in the future: use mysqli or PDO instead in /srv/webspace/ayokunle/projects/KCD/admin/update.php on line 62
[02-Sep-2015 21:24:33 Europe/Dublin] PHP Notice:  Undefined index: wed_anni_day in /srv/webspace/ayokunle/projects/KCD/admin/update.php on line 80
[02-Sep-2015 21:24:33 Europe/Dublin] PHP Notice:  Undefined index: wed_anni_month in /srv/webspace/ayokunle/projects/KCD/admin/update.php on line 81
[02-Sep-2015 21:27:29 Europe/Dublin] PHP Notice:  Undefined index: wed_anni_day in /srv/webspace/ayokunle/projects/KCD/admin/update.php on line 51
[02-Sep-2015 21:27:29 Europe/Dublin] PHP Notice:  Undefined index: wed_anni_month in /srv/webspace/ayokunle/projects/KCD/admin/update.php on line 52
[02-Sep-2015 21:27:29 Europe/Dublin] PHP Deprecated:  mysql_connect(): The mysql extension is deprecated and will be removed in the future: use mysqli or PDO instead in /srv/webspace/ayokunle/projects/KCD/admin/update.php on line 62
[02-Sep-2015 21:27:29 Europe/Dublin] PHP Notice:  Undefined index: wed_anni_day in /srv/webspace/ayokunle/projects/KCD/admin/update.php on line 80
[02-Sep-2015 21:27:29 Europe/Dublin] PHP Notice:  Undefined index: wed_anni_month in /srv/webspace/ayokunle/projects/KCD/admin/update.php on line 81
[02-Sep-2015 21:55:00 Europe/Dublin] PHP Notice:  Undefined index: wed_anni_day in /srv/webspace/ayokunle/projects/KCD/admin/update.php on line 51
[02-Sep-2015 21:55:00 Europe/Dublin] PHP Notice:  Undefined index: wed_anni_month in /srv/webspace/ayokunle/projects/KCD/admin/update.php on line 52
[02-Sep-2015 21:55:00 Europe/Dublin] PHP Deprecated:  mysql_connect(): The mysql extension is deprecated and will be removed in the future: use mysqli or PDO instead in /srv/webspace/ayokunle/projects/KCD/admin/update.php on line 62
[02-Sep-2015 21:55:00 Europe/Dublin] PHP Notice:  Undefined index: wed_anni_day in /srv/webspace/ayokunle/projects/KCD/admin/update.php on line 80
[02-Sep-2015 21:55:00 Europe/Dublin] PHP Notice:  Undefined index: wed_anni_month in /srv/webspace/ayokunle/projects/KCD/admin/update.php on line 81
[02-Sep-2015 21:57:46 Europe/Dublin] PHP Notice:  Undefined index: wed_anni_day in /srv/webspace/ayokunle/projects/KCD/admin/update.php on line 51
[02-Sep-2015 21:57:46 Europe/Dublin] PHP Notice:  Undefined index: wed_anni_month in /srv/webspace/ayokunle/projects/KCD/admin/update.php on line 52
[02-Sep-2015 21:57:46 Europe/Dublin] PHP Deprecated:  mysql_connect(): The mysql extension is deprecated and will be removed in the future: use mysqli or PDO instead in /srv/webspace/ayokunle/projects/KCD/admin/update.php on line 62
[02-Sep-2015 21:57:46 Europe/Dublin] PHP Notice:  Undefined index: wed_anni_day in /srv/webspace/ayokunle/projects/KCD/admin/update.php on line 80
[02-Sep-2015 21:57:46 Europe/Dublin] PHP Notice:  Undefined index: wed_anni_month in /srv/webspace/ayokunle/projects/KCD/admin/update.php on line 81
[02-Sep-2015 21:58:49 Europe/Dublin] PHP Notice:  Undefined index: wed_anni_day in /srv/webspace/ayokunle/projects/KCD/admin/update.php on line 51
[02-Sep-2015 21:58:49 Europe/Dublin] PHP Notice:  Undefined index: wed_anni_month in /srv/webspace/ayokunle/projects/KCD/admin/update.php on line 52
[02-Sep-2015 21:58:49 Europe/Dublin] PHP Deprecated:  mysql_connect(): The mysql extension is deprecated and will be removed in the future: use mysqli or PDO instead in /srv/webspace/ayokunle/projects/KCD/admin/update.php on line 62
[02-Sep-2015 21:58:49 Europe/Dublin] PHP Notice:  Undefined index: wed_anni_day in /srv/webspace/ayokunle/projects/KCD/admin/update.php on line 80
[02-Sep-2015 21:58:49 Europe/Dublin] PHP Notice:  Undefined index: wed_anni_month in /srv/webspace/ayokunle/projects/KCD/admin/update.php on line 81
[02-Sep-2015 21:59:56 Europe/Dublin] PHP Notice:  Undefined index: wed_anni_day in /srv/webspace/ayokunle/projects/KCD/admin/update.php on line 51
[02-Sep-2015 21:59:56 Europe/Dublin] PHP Notice:  Undefined index: wed_anni_month in /srv/webspace/ayokunle/projects/KCD/admin/update.php on line 52
[02-Sep-2015 21:59:56 Europe/Dublin] PHP Deprecated:  mysql_connect(): The mysql extension is deprecated and will be removed in the future: use mysqli or PDO instead in /srv/webspace/ayokunle/projects/KCD/admin/update.php on line 62
[02-Sep-2015 21:59:56 Europe/Dublin] PHP Notice:  Undefined index: wed_anni_day in /srv/webspace/ayokunle/projects/KCD/admin/update.php on line 80
[02-Sep-2015 21:59:56 Europe/Dublin] PHP Notice:  Undefined index: wed_anni_month in /srv/webspace/ayokunle/projects/KCD/admin/update.php on line 81
[02-Sep-2015 22:01:00 Europe/Dublin] PHP Notice:  Undefined index: wed_anni_day in /srv/webspace/ayokunle/projects/KCD/admin/update.php on line 51
[02-Sep-2015 22:01:00 Europe/Dublin] PHP Notice:  Undefined index: wed_anni_month in /srv/webspace/ayokunle/projects/KCD/admin/update.php on line 52
[02-Sep-2015 22:01:00 Europe/Dublin] PHP Deprecated:  mysql_connect(): The mysql extension is deprecated and will be removed in the future: use mysqli or PDO instead in /srv/webspace/ayokunle/projects/KCD/admin/update.php on line 62
[02-Sep-2015 22:01:00 Europe/Dublin] PHP Notice:  Undefined index: wed_anni_day in /srv/webspace/ayokunle/projects/KCD/admin/update.php on line 80
[02-Sep-2015 22:01:00 Europe/Dublin] PHP Notice:  Undefined index: wed_anni_month in /srv/webspace/ayokunle/projects/KCD/admin/update.php on line 81
[02-Sep-2015 22:02:51 Europe/Dublin] PHP Notice:  Undefined index: wed_anni_day in /srv/webspace/ayokunle/projects/KCD/admin/update.php on line 51
[02-Sep-2015 22:02:51 Europe/Dublin] PHP Notice:  Undefined index: wed_anni_month in /srv/webspace/ayokunle/projects/KCD/admin/update.php on line 52
[02-Sep-2015 22:02:51 Europe/Dublin] PHP Deprecated:  mysql_connect(): The mysql extension is deprecated and will be removed in the future: use mysqli or PDO instead in /srv/webspace/ayokunle/projects/KCD/admin/update.php on line 62
[02-Sep-2015 22:02:51 Europe/Dublin] PHP Notice:  Undefined index: wed_anni_day in /srv/webspace/ayokunle/projects/KCD/admin/update.php on line 80
[02-Sep-2015 22:02:51 Europe/Dublin] PHP Notice:  Undefined index: wed_anni_month in /srv/webspace/ayokunle/projects/KCD/admin/update.php on line 81
[02-Sep-2015 22:07:42 Europe/Dublin] PHP Notice:  Undefined index: wed_anni_day in /srv/webspace/ayokunle/projects/KCD/admin/update.php on line 51
[02-Sep-2015 22:07:42 Europe/Dublin] PHP Notice:  Undefined index: wed_anni_month in /srv/webspace/ayokunle/projects/KCD/admin/update.php on line 52
[02-Sep-2015 22:07:42 Europe/Dublin] PHP Deprecated:  mysql_connect(): The mysql extension is deprecated and will be removed in the future: use mysqli or PDO instead in /srv/webspace/ayokunle/projects/KCD/admin/update.php on line 62
[02-Sep-2015 22:07:42 Europe/Dublin] PHP Notice:  Undefined index: wed_anni_day in /srv/webspace/ayokunle/projects/KCD/admin/update.php on line 80
[02-Sep-2015 22:07:42 Europe/Dublin] PHP Notice:  Undefined index: wed_anni_month in /srv/webspace/ayokunle/projects/KCD/admin/update.php on line 81
[02-Sep-2015 22:11:21 Europe/Dublin] PHP Notice:  Undefined index: wed_anni_day in /srv/webspace/ayokunle/projects/KCD/admin/update.php on line 51
[02-Sep-2015 22:11:21 Europe/Dublin] PHP Notice:  Undefined index: wed_anni_month in /srv/webspace/ayokunle/projects/KCD/admin/update.php on line 52
[02-Sep-2015 22:11:21 Europe/Dublin] PHP Deprecated:  mysql_connect(): The mysql extension is deprecated and will be removed in the future: use mysqli or PDO instead in /srv/webspace/ayokunle/projects/KCD/admin/update.php on line 62
[02-Sep-2015 22:11:21 Europe/Dublin] PHP Notice:  Undefined index: wed_anni_day in /srv/webspace/ayokunle/projects/KCD/admin/update.php on line 80
[02-Sep-2015 22:11:21 Europe/Dublin] PHP Notice:  Undefined index: wed_anni_month in /srv/webspace/ayokunle/projects/KCD/admin/update.php on line 81
[02-Sep-2015 22:12:24 Europe/Dublin] PHP Notice:  Undefined index: wed_anni_day in /srv/webspace/ayokunle/projects/KCD/admin/update.php on line 51
[02-Sep-2015 22:12:24 Europe/Dublin] PHP Notice:  Undefined index: wed_anni_month in /srv/webspace/ayokunle/projects/KCD/admin/update.php on line 52
[02-Sep-2015 22:12:24 Europe/Dublin] PHP Deprecated:  mysql_connect(): The mysql extension is deprecated and will be removed in the future: use mysqli or PDO instead in /srv/webspace/ayokunle/projects/KCD/admin/update.php on line 62
[02-Sep-2015 22:12:24 Europe/Dublin] PHP Notice:  Undefined index: wed_anni_day in /srv/webspace/ayokunle/projects/KCD/admin/update.php on line 80
[02-Sep-2015 22:12:24 Europe/Dublin] PHP Notice:  Undefined index: wed_anni_month in /srv/webspace/ayokunle/projects/KCD/admin/update.php on line 81
[02-Sep-2015 22:14:18 Europe/Dublin] PHP Notice:  Undefined index: wed_anni_day in /srv/webspace/ayokunle/projects/KCD/admin/update.php on line 51
[02-Sep-2015 22:14:18 Europe/Dublin] PHP Notice:  Undefined index: wed_anni_month in /srv/webspace/ayokunle/projects/KCD/admin/update.php on line 52
[02-Sep-2015 22:14:18 Europe/Dublin] PHP Deprecated:  mysql_connect(): The mysql extension is deprecated and will be removed in the future: use mysqli or PDO instead in /srv/webspace/ayokunle/projects/KCD/admin/update.php on line 62
[02-Sep-2015 22:14:18 Europe/Dublin] PHP Notice:  Undefined index: wed_anni_day in /srv/webspace/ayokunle/projects/KCD/admin/update.php on line 80
[02-Sep-2015 22:14:18 Europe/Dublin] PHP Notice:  Undefined index: wed_anni_month in /srv/webspace/ayokunle/projects/KCD/admin/update.php on line 81
